Desktop/son/AndroidProjesi-master/app/build/intermediates/manifest_merge_blame_file/release/manifest-merger-blame-release-report.txt
1<?xml version="1.0" encoding="utf-8"?>
2<manifest xmlns:android="http://schemas.android.com/apk/res/android"
3    package="com.ykskoc"
4    android:versionCode="1"
5    android:versionName="1.0" >
6
7    <uses-sdk
8        android:minSdkVersion="19"
8-->src\main\AndroidManifest.xml
9        android:targetSdkVersion="29" />
9-->src\main\AndroidManifest.xml
10
11    <uses-permission android:name="android.permission.ACCESS_NETWORK_STATE" />
11-->src\main\AndroidManifest.xml:4:5-78
11-->src\main\AndroidManifest.xml:4:22-76
12    <uses-permission android:name="android.permission.CAMERA" />
12-->src\main\AndroidManifest.xml:5:5-64
12-->src\main\AndroidManifest.xml:5:22-62
13    <uses-permission android:name="android.permission.INTERNET" />
13-->src\main\AndroidManifest.xml:6:5-67
13-->src\main\AndroidManifest.xml:6:22-64
14    <uses-permission android:name="android.permission.VIBRATE" />
14-->src\main\AndroidManifest.xml:7:5-65
14-->src\main\AndroidManifest.xml:7:22-63
15    <uses-permission android:name="android.permission.WRITE_EXTERNAL_STORAGE" />
15-->src\main\AndroidManifest.xml:8:5-81
15-->src\main\AndroidManifest.xml:8:22-78
16    <uses-permission android:name="android.permission.READ_EXTERNAL_STORAGE" />
16-->src\main\AndroidManifest.xml:9:5-80
16-->src\main\AndroidManifest.xml:9:22-77
17
18    <uses-feature android:name="android.hardware.camera" />
18-->src\main\AndroidManifest.xml:10:5-60
18-->src\main\AndroidManifest.xml:10:19-57
19    <uses-feature
19-->src\main\AndroidManifest.xml:12:5-14:35
20        android:name="android.hardware.camera.any"
20-->src\main\AndroidManifest.xml:13:9-51
21        android:required="true" />
21-->src\main\AndroidManifest.xml:14:9-32
22    <uses-feature
22-->src\main\AndroidManifest.xml:15:5-17:36
23        android:name="android.hardware.camera.autofocus"
23-->src\main\AndroidManifest.xml:16:9-57
24        android:required="false" />
24-->src\main\AndroidManifest.xml:17:9-33
25
26    <!-- Create a unique permission for your app and use it so only your app can receive your OneSignal messages. -->
27    <permission
27-->[com.onesignal:OneSignal:3.11.2] AndroidManifest.xml:7:5-9:47
28        android:name="com.ykskoc.permission.C2D_MESSAGE"
28-->[com.onesignal:OneSignal:3.11.2] AndroidManifest.xml:8:9-63
29        android:protectionLevel="signature" />
29-->[com.onesignal:OneSignal:3.11.2] AndroidManifest.xml:9:9-44
30
31    <uses-permission android:name="com.ykskoc.permission.C2D_MESSAGE" />
31-->[com.onesignal:OneSignal:3.11.2] AndroidManifest.xml:11:5-79
31-->[com.onesignal:OneSignal:3.11.2] AndroidManifest.xml:11:22-76
32    <uses-permission android:name="com.google.android.c2dm.permission.RECEIVE" /> <!-- Required, makes sure notifications are delivered on time. -->
32-->[com.onesignal:OneSignal:3.11.2] AndroidManifest.xml:17:5-82
32-->[com.onesignal:OneSignal:3.11.2] AndroidManifest.xml:17:22-79
33    <uses-permission android:name="android.permission.WAKE_LOCK" />
33-->[com.onesignal:OneSignal:3.11.2] AndroidManifest.xml:18:5-68
33-->[com.onesignal:OneSignal:3.11.2] AndroidManifest.xml:18:22-65
34    <!--
35 Use to restore notifications the user hasn't interacted with.
36         They could be missed notifications if the user reboots their device if this isn't in place.
37    -->
38    <uses-permission android:name="android.permission.RECEIVE_BOOT_COMPLETED" /> <!-- START: ShortcutBadger -->
38-->[com.onesignal:OneSignal:3.11.2] AndroidManifest.xml:29:5-81
38-->[com.onesignal:OneSignal:3.11.2] AndroidManifest.xml:29:22-78
39    <!-- Samsung -->
40    <uses-permission android:name="com.sec.android.provider.badge.permission.READ" />
40-->[com.onesignal:OneSignal:3.11.2] AndroidManifest.xml:31:5-86
40-->[com.onesignal:OneSignal:3.11.2] AndroidManifest.xml:31:22-83
41    <uses-permission android:name="com.sec.android.provider.badge.permission.WRITE" /> <!-- HTC -->
41-->[com.onesignal:OneSignal:3.11.2] AndroidManifest.xml:32:5-87
41-->[com.onesignal:OneSignal:3.11.2] AndroidManifest.xml:32:22-84
42    <uses-permission android:name="com.htc.launcher.permission.READ_SETTINGS" />
42-->[com.onesignal:OneSignal:3.11.2] AndroidManifest.xml:33:5-81
42-->[com.onesignal:OneSignal:3.11.2] AndroidManifest.xml:33:22-78
43    <uses-permission android:name="com.htc.launcher.permission.UPDATE_SHORTCUT" /> <!-- Sony -->
43-->[com.onesignal:OneSignal:3.11.2] AndroidManifest.xml:34:5-83
43-->[com.onesignal:OneSignal:3.11.2] AndroidManifest.xml:34:22-80
44    <uses-permission android:name="com.sonyericsson.home.permission.BROADCAST_BADGE" />
44-->[com.onesignal:OneSignal:3.11.2] AndroidManifest.xml:35:5-88
44-->[com.onesignal:OneSignal:3.11.2] AndroidManifest.xml:35:22-85
45    <uses-permission android:name="com.sonymobile.home.permission.PROVIDER_INSERT_BADGE" /> <!-- Apex -->
45-->[com.onesignal:OneSignal:3.11.2] AndroidManifest.xml:36:5-92
45-->[com.onesignal:OneSignal:3.11.2] AndroidManifest.xml:36:22-89
46    <uses-permission android:name="com.anddoes.launcher.permission.UPDATE_COUNT" /> <!-- Solid -->
46-->[com.onesignal:OneSignal:3.11.2] AndroidManifest.xml:37:5-84
46-->[com.onesignal:OneSignal:3.11.2] AndroidManifest.xml:37:22-81
47    <uses-permission android:name="com.majeur.launcher.permission.UPDATE_BADGE" /> <!-- Huawei -->
47-->[com.onesignal:OneSignal:3.11.2] AndroidManifest.xml:38:5-83
47-->[com.onesignal:OneSignal:3.11.2] AndroidManifest.xml:38:22-80
48    <uses-permission android:name="com.huawei.android.launcher.permission.CHANGE_BADGE" />
48-->[com.onesignal:OneSignal:3.11.2] AndroidManifest.xml:39:5-91
48-->[com.onesignal:OneSignal:3.11.2] AndroidManifest.xml:39:22-88
49    <uses-permission android:name="com.huawei.android.launcher.permission.READ_SETTINGS" />
49-->[com.onesignal:OneSignal:3.11.2] AndroidManifest.xml:40:5-92
49-->[com.onesignal:OneSignal:3.11.2] AndroidManifest.xml:40:22-89
50    <uses-permission android:name="com.huawei.android.launcher.permission.WRITE_SETTINGS" /> <!-- ZUK -->
50-->[com.onesignal:OneSignal:3.11.2] AndroidManifest.xml:41:5-93
50-->[com.onesignal:OneSignal:3.11.2] AndroidManifest.xml:41:22-90
51    <uses-permission android:name="android.permission.READ_APP_BADGE" /> <!-- OPPO -->
51-->[com.onesignal:OneSignal:3.11.2] AndroidManifest.xml:42:5-73
51-->[com.onesignal:OneSignal:3.11.2] AndroidManifest.xml:42:22-70
52    <uses-permission android:name="com.oppo.launcher.permission.READ_SETTINGS" />
52-->[com.onesignal:OneSignal:3.11.2] AndroidManifest.xml:43:5-82
52-->[com.onesignal:OneSignal:3.11.2] AndroidManifest.xml:43:22-79
53    <uses-permission android:name="com.oppo.launcher.permission.WRITE_SETTINGS" /> <!-- EvMe -->
53-->[com.onesignal:OneSignal:3.11.2] AndroidManifest.xml:44:5-83
53-->[com.onesignal:OneSignal:3.11.2] AndroidManifest.xml:44:22-80
54    <uses-permission android:name="me.everything.badger.permission.BADGE_COUNT_READ" />
54-->[com.onesignal:OneSignal:3.11.2] AndroidManifest.xml:45:5-88
54-->[com.onesignal:OneSignal:3.11.2] AndroidManifest.xml:45:22-85
55    <uses-permission android:name="me.everything.badger.permission.BADGE_COUNT_WRITE" />
55-->[com.onesignal:OneSignal:3.11.2] AndroidManifest.xml:46:5-89
55-->[com.onesignal:OneSignal:3.11.2] AndroidManifest.xml:46:22-86
56    <uses-permission android:name="com.google.android.finsky.permission.BIND_GET_INSTALL_REFERRER_SERVICE" />
56-->[com.google.android.gms:play-services-measurement:17.5.0] AndroidManifest.xml:26:5-110
56-->[com.google.android.gms:play-services-measurement:17.5.0] AndroidManifest.xml:26:22-107
57
58    <application
58-->src\main\AndroidManifest.xml:19:5-78:19
59        android:name="androidx.multidex.MultiDexApplication"
60        android:allowBackup="true"
60-->src\main\AndroidManifest.xml:20:9-35
61        android:appComponentFactory="androidx.core.app.CoreComponentFactory"
61-->[androidx.core:core:1.3.1] AndroidManifest.xml:24:18-86
62        android:icon="@mipmap/main1"
62-->src\main\AndroidManifest.xml:21:9-37
63        android:label="@string/app_name"
63-->src\main\AndroidManifest.xml:22:9-41
64        android:largeHeap="true"
64-->src\main\AndroidManifest.xml:23:9-33
65        android:roundIcon="@mipmap/main1"
65-->src\main\AndroidManifest.xml:25:9-42
66        android:screenOrientation="portrait"
66-->src\main\AndroidManifest.xml:24:9-45
67        android:supportsRtl="true"
67-->src\main\AndroidManifest.xml:26:9-35
68        android:theme="@style/AppTheme.NoActionBar" >
68-->src\main\AndroidManifest.xml:27:9-52
69        <meta-data
69-->src\main\AndroidManifest.xml:28:9-30:69
70            android:name="com.google.android.gms.ads.APPLICATION_ID"
70-->src\main\AndroidManifest.xml:29:13-69
71            android:value="ca-app-pub-7739380766735309~9659621221" />
71-->src\main\AndroidManifest.xml:30:13-67
72
73        <activity android:name="ykskoc.example.snavadogru.FirstScreen.MainActivity" >
73-->src\main\AndroidManifest.xml:31:9-36:20
73-->src\main\AndroidManifest.xml:31:19-84
74            <intent-filter>
74-->src\main\AndroidManifest.xml:32:13-35:29
75                <action android:name="android.intent.action.MAIN" />
75-->src\main\AndroidManifest.xml:33:17-69
75-->src\main\AndroidManifest.xml:33:25-66
76
77                <category android:name="android.intent.category.LAUNCHER" />
77-->src\main\AndroidManifest.xml:34:17-77
77-->src\main\AndroidManifest.xml:34:27-74
78            </intent-filter>
79        </activity>
80        <activity android:name="ykskoc.example.snavadogru.FirstScreen.GirisActivity" />
80-->src\main\AndroidManifest.xml:37:9-88
80-->src\main\AndroidManifest.xml:37:19-85
81        <activity android:name="ykskoc.example.snavadogru.FirstScreen.KaydolActivity" />
81-->src\main\AndroidManifest.xml:38:9-89
81-->src\main\AndroidManifest.xml:38:19-86
82        <activity android:name="ykskoc.example.snavadogru.SikSorulanSoru.SSS" />
82-->src\main\AndroidManifest.xml:39:9-81
82-->src\main\AndroidManifest.xml:39:19-78
83        <activity android:name="ykskoc.example.snavadogru.DenemeTakip.denemeTakipLibrary" />
83-->src\main\AndroidManifest.xml:40:9-93
83-->src\main\AndroidManifest.xml:40:19-90
84        <activity android:name="ykskoc.example.snavadogru.Kendin.zamanTakip" />
84-->src\main\AndroidManifest.xml:41:9-80
84-->src\main\AndroidManifest.xml:41:19-77
85        <activity android:name="ykskoc.example.snavadogru.Kendin.kendiniDene" />
85-->src\main\AndroidManifest.xml:42:9-81
85-->src\main\AndroidManifest.xml:42:19-78
86        <activity android:name="ykskoc.example.snavadogru.Kendin.ProgramYap.addPlanActivity" />
86-->src\main\AndroidManifest.xml:43:9-96
86-->src\main\AndroidManifest.xml:43:19-93
87        <activity android:name="ykskoc.example.snavadogru.Kendin.ProgramYap.showDay" />
87-->src\main\AndroidManifest.xml:44:9-88
87-->src\main\AndroidManifest.xml:44:19-85
88        <activity android:name="ykskoc.example.snavadogru.Kendin.ProgramYap.programYap" />
88-->src\main\AndroidManifest.xml:45:9-91
88-->src\main\AndroidManifest.xml:45:19-88
89        <activity android:name="ykskoc.example.snavadogru.puanHesapla.PuanSonuc" />
89-->src\main\AndroidManifest.xml:46:9-84
89-->src\main\AndroidManifest.xml:46:19-81
90        <activity android:name="ykskoc.example.snavadogru.Camera.NewCamera" />
90-->src\main\AndroidManifest.xml:47:9-79
90-->src\main\AndroidManifest.xml:47:19-76
91        <activity android:name="ykskoc.example.snavadogru.Camera.CozemediginSorular" />
91-->src\main\AndroidManifest.xml:48:9-87
91-->src\main\AndroidManifest.xml:48:19-85
92        <activity
92-->src\main\AndroidManifest.xml:49:9-51:65
93            android:name="ykskoc.example.snavadogru.KonuTakip.Konu_takip"
93-->src\main\AndroidManifest.xml:50:13-74
94            android:label="@string/title_activity_konu_takip" />
94-->src\main\AndroidManifest.xml:51:13-62
95        <activity android:name="ykskoc.example.snavadogru.KonuTakip.TytKonulari.tytKonuTurkce" />
95-->src\main\AndroidManifest.xml:52:9-98
95-->src\main\AndroidManifest.xml:52:19-95
96        <activity android:name="ykskoc.example.snavadogru.KonuTakip.TytKonulari.tytKonuMat" />
96-->src\main\AndroidManifest.xml:53:9-95
96-->src\main\AndroidManifest.xml:53:19-92
97        <activity android:name="ykskoc.example.snavadogru.KonuTakip.TytKonulari.tytKonuFen" />
97-->src\main\AndroidManifest.xml:54:9-95
97-->src\main\AndroidManifest.xml:54:19-92
98        <activity android:name="ykskoc.example.snavadogru.KonuTakip.TytKonulari.tytKonuSosyal" />
98-->src\main\AndroidManifest.xml:55:9-98
98-->src\main\AndroidManifest.xml:55:19-95
99        <activity android:name="ykskoc.example.snavadogru.KonuTakip.aytKonuSay" />
99-->src\main\AndroidManifest.xml:56:9-83
99-->src\main\AndroidManifest.xml:56:19-80
100        <activity android:name="ykskoc.example.snavadogru.KonuTakip.aytKonuSoz" />
100-->src\main\AndroidManifest.xml:57:9-83
100-->src\main\AndroidManifest.xml:57:19-80
101        <activity android:name="ykskoc.example.snavadogru.KonuTakip.aytKonuEa" />
101-->src\main\AndroidManifest.xml:58:9-82
101-->src\main\AndroidManifest.xml:58:19-79
102        <activity android:name="ykskoc.example.snavadogru.KonuTakip.aytKonuDil" />
102-->src\main\AndroidManifest.xml:59:9-83
102-->src\main\AndroidManifest.xml:59:19-80
103        <activity android:name="ykskoc.example.snavadogru.KonuTakip.aytKonulari" />
103-->src\main\AndroidManifest.xml:60:9-84
103-->src\main\AndroidManifest.xml:60:19-81
104        <activity android:name="ykskoc.example.snavadogru.SoruTakip.SoruTakip" />
104-->src\main\AndroidManifest.xml:61:9-82
104-->src\main\AndroidManifest.xml:61:19-79
105        <activity android:name="ykskoc.example.snavadogru.DenemeTakip.DenemeTakip" />
105-->src\main\AndroidManifest.xml:62:9-86
105-->src\main\AndroidManifest.xml:62:19-83
106        <activity
106-->src\main\AndroidManifest.xml:63:9-65:59
107            android:name="ykskoc.example.snavadogru.DenemeTakip.denemeTYT_TakipPopUpAdding"
107-->src\main\AndroidManifest.xml:64:13-92
108            android:theme="@style/AppTheme.CustomTheme" />
108-->src\main\AndroidManifest.xml:65:13-56
109        <activity android:name="ykskoc.example.snavadogru.DenemeTakip.denemeTYTtakip" />
109-->src\main\AndroidManifest.xml:66:9-89
109-->src\main\AndroidManifest.xml:66:19-86
110        <activity android:name="ykskoc.example.snavadogru.DenemeTakip.denemeSAYtakip" />
110-->src\main\AndroidManifest.xml:67:9-89
110-->src\main\AndroidManifest.xml:67:19-86
111        <activity
111-->src\main\AndroidManifest.xml:68:9-70:59
112            android:name="ykskoc.example.snavadogru.DenemeTakip.denemeSAY_TakipPopUpadding"
112-->src\main\AndroidManifest.xml:69:13-92
113            android:theme="@style/AppTheme.CustomTheme" />
113-->src\main\AndroidManifest.xml:70:13-56
114        <activity android:name="ykskoc.example.snavadogru.DenemeTakip.denemeEAtakip" />
114-->src\main\AndroidManifest.xml:71:9-88
114-->src\main\AndroidManifest.xml:71:19-85
115        <activity android:name="ykskoc.example.snavadogru.DenemeTakip.denemeSOZtakip" />
115-->src\main\AndroidManifest.xml:72:9-89
115-->src\main\AndroidManifest.xml:72:19-86
116        <activity android:name="ykskoc.example.snavadogru.DenemeTakip.denemeDiltakip" />
116-->src\main\AndroidManifest.xml:73:9-89
116-->src\main\AndroidManifest.xml:73:19-86
117        <activity android:name="ykskoc.example.snavadogru.puanHesapla.PUAN" />
117-->src\main\AndroidManifest.xml:74:9-79
117-->src\main\AndroidManifest.xml:74:19-76
118        <activity android:name="ykskoc.example.snavadogru.REHBERLİK" />
118-->src\main\AndroidManifest.xml:75:9-72
118-->src\main\AndroidManifest.xml:75:19-69
119        <activity android:name="ykskoc.example.snavadogru.Options" />
119-->src\main\AndroidManifest.xml:76:9-70
119-->src\main\AndroidManifest.xml:76:19-67
120
121        <service
121-->[com.google.firebase:firebase-database:19.5.0] AndroidManifest.xml:29:9-35:19
122            android:name="com.google.firebase.components.ComponentDiscoveryService"
122-->[com.google.firebase:firebase-database:19.5.0] AndroidManifest.xml:30:13-84
123            android:directBootAware="true"
123-->[com.google.firebase:firebase-common:19.3.1] AndroidManifest.xml:35:13-43
124            android:exported="false" >
124-->[com.google.firebase:firebase-database:19.5.0] AndroidManifest.xml:31:13-37
125            <meta-data
125-->[com.google.firebase:firebase-database:19.5.0] AndroidManifest.xml:32:13-34:85
126                android:name="com.google.firebase.components:com.google.firebase.database.DatabaseRegistrar"
126-->[com.google.firebase:firebase-database:19.5.0] AndroidManifest.xml:33:17-109
127                android:value="com.google.firebase.components.ComponentRegistrar" />
127-->[com.google.firebase:firebase-database:19.5.0] AndroidManifest.xml:34:17-82
128            <meta-data
128-->[com.google.firebase:firebase-auth:19.4.0] AndroidManifest.xml:36:13-38:85
129                android:name="com.google.firebase.components:com.google.firebase.auth.FirebaseAuthRegistrar"
129-->[com.google.firebase:firebase-auth:19.4.0] AndroidManifest.xml:37:17-109
130                android:value="com.google.firebase.components.ComponentRegistrar" />
130-->[com.google.firebase:firebase-auth:19.4.0] AndroidManifest.xml:38:17-82
131            <meta-data
131-->[com.google.firebase:firebase-iid:19.0.0] AndroidManifest.xml:32:13-34:85
132                android:name="com.google.firebase.components:com.google.firebase.iid.Registrar"
132-->[com.google.firebase:firebase-iid:19.0.0] AndroidManifest.xml:33:17-96
133                android:value="com.google.firebase.components.ComponentRegistrar" />
133-->[com.google.firebase:firebase-iid:19.0.0] AndroidManifest.xml:34:17-82
134            <meta-data
134-->[com.google.android.gms:play-services-measurement-api:17.5.0] AndroidManifest.xml:30:13-32:85
135                android:name="com.google.firebase.components:com.google.firebase.analytics.connector.internal.AnalyticsConnectorRegistrar"
135-->[com.google.android.gms:play-services-measurement-api:17.5.0] AndroidManifest.xml:31:17-139
136                android:value="com.google.firebase.components.ComponentRegistrar" />
136-->[com.google.android.gms:play-services-measurement-api:17.5.0] AndroidManifest.xml:32:17-82
137            <meta-data
137-->[com.google.firebase:firebase-installations:16.3.2] AndroidManifest.xml:17:13-19:85
138                android:name="com.google.firebase.components:com.google.firebase.installations.FirebaseInstallationsRegistrar"
138-->[com.google.firebase:firebase-installations:16.3.2] AndroidManifest.xml:18:17-127
139                android:value="com.google.firebase.components.ComponentRegistrar" />
139-->[com.google.firebase:firebase-installations:16.3.2] AndroidManifest.xml:19:17-82
140        </service>
141
142        <activity
142-->[com.google.firebase:firebase-auth:19.4.0] AndroidManifest.xml:24:9-31:50
143            android:name="com.google.firebase.auth.internal.FederatedSignInActivity"
143-->[com.google.firebase:firebase-auth:19.4.0] AndroidManifest.xml:25:13-85
144            android:excludeFromRecents="true"
144-->[com.google.firebase:firebase-auth:19.4.0] AndroidManifest.xml:26:13-46
145            android:exported="true"
145-->[com.google.firebase:firebase-auth:19.4.0] AndroidManifest.xml:27:13-36
146            android:launchMode="singleTask"
146-->[com.google.firebase:firebase-auth:19.4.0] AndroidManifest.xml:28:13-44
147            android:permission="com.google.firebase.auth.api.gms.permission.LAUNCH_FEDERATED_SIGN_IN"
147-->[com.google.firebase:firebase-auth:19.4.0] AndroidManifest.xml:29:13-102
148            android:theme="@android:style/Theme.Translucent.NoTitleBar" />
148-->[com.google.firebase:firebase-auth:19.4.0] AndroidManifest.xml:30:13-72
149
150        <meta-data
150-->[com.onesignal:OneSignal:3.11.2] AndroidManifest.xml:49:9-51:51
151            android:name="onesignal_app_id"
151-->[com.onesignal:OneSignal:3.11.2] AndroidManifest.xml:50:13-44
152            android:value="d27f1b8a-eeaa-453c-a02f-10aedfc5f68c" /> <!-- Deprecated - Pulled from OneSignal dashboard. -->
152-->[com.onesignal:OneSignal:3.11.2] AndroidManifest.xml:51:13-48
153        <meta-data
153-->[com.onesignal:OneSignal:3.11.2] AndroidManifest.xml:53:9-55:70
154            android:name="onesignal_google_project_number"
154-->[com.onesignal:OneSignal:3.11.2] AndroidManifest.xml:54:13-59
155            android:value="str:REMOTE" />
155-->[com.onesignal:OneSignal:3.11.2] AndroidManifest.xml:55:13-67
156
157        <receiver
157-->[com.onesignal:OneSignal:3.11.2] AndroidManifest.xml:57:9-67:20
158            android:name="com.onesignal.GcmBroadcastReceiver"
158-->[com.onesignal:OneSignal:3.11.2] AndroidManifest.xml:58:13-62
159            android:permission="com.google.android.c2dm.permission.SEND" >
159-->[com.onesignal:OneSignal:3.11.2] AndroidManifest.xml:59:13-73
160
161            <!-- High priority so OneSignal payloads can be filtered from other GCM receivers if filterOtherGCMReceivers is enabled. -->
162            <intent-filter android:priority="999" >
162-->[com.onesignal:OneSignal:3.11.2] AndroidManifest.xml:62:13-66:29
162-->[com.onesignal:OneSignal:3.11.2] AndroidManifest.xml:62:28-50
163                <action android:name="com.google.android.c2dm.intent.RECEIVE" />
163-->[com.onesignal:OneSignal:3.11.2] AndroidManifest.xml:63:17-81
163-->[com.onesignal:OneSignal:3.11.2] AndroidManifest.xml:63:25-78
164
165                <category android:name="com.ykskoc" />
165-->[com.onesignal:OneSignal:3.11.2] AndroidManifest.xml:65:17-61
165-->[com.onesignal:OneSignal:3.11.2] AndroidManifest.xml:65:27-58
166            </intent-filter>
167        </receiver>
168        <receiver android:name="com.onesignal.NotificationOpenedReceiver" />
168-->[com.onesignal:OneSignal:3.11.2] AndroidManifest.xml:68:9-77
168-->[com.onesignal:OneSignal:3.11.2] AndroidManifest.xml:68:19-74
169
170        <service android:name="com.onesignal.GcmIntentService" />
170-->[com.onesignal:OneSignal:3.11.2] AndroidManifest.xml:70:9-66
170-->[com.onesignal:OneSignal:3.11.2] AndroidManifest.xml:70:18-63
171        <service
171-->[com.onesignal:OneSignal:3.11.2] AndroidManifest.xml:71:9-73:72
172            android:name="com.onesignal.GcmIntentJobService"
172-->[com.onesignal:OneSignal:3.11.2] AndroidManifest.xml:72:13-61
173            android:permission="android.permission.BIND_JOB_SERVICE" />
173-->[com.onesignal:OneSignal:3.11.2] AndroidManifest.xml:73:13-69
174        <service
174-->[com.onesignal:OneSignal:3.11.2] AndroidManifest.xml:74:9-76:72
175            android:name="com.onesignal.RestoreJobService"
175-->[com.onesignal:OneSignal:3.11.2] AndroidManifest.xml:75:13-59
176            android:permission="android.permission.BIND_JOB_SERVICE" />
176-->[com.onesignal:OneSignal:3.11.2] AndroidManifest.xml:76:13-69
177        <service
177-->[com.onesignal:OneSignal:3.11.2] AndroidManifest.xml:77:9-79:72
178            android:name="com.onesignal.RestoreKickoffJobService"
178-->[com.onesignal:OneSignal:3.11.2] AndroidManifest.xml:78:13-66
179            android:permission="android.permission.BIND_JOB_SERVICE" />
179-->[com.onesignal:OneSignal:3.11.2] AndroidManifest.xml:79:13-69
180        <service
180-->[com.onesignal:OneSignal:3.11.2] AndroidManifest.xml:80:9-82:43
181            android:name="com.onesignal.SyncService"
181-->[com.onesignal:OneSignal:3.11.2] AndroidManifest.xml:81:13-53
182            android:stopWithTask="true" />
182-->[com.onesignal:OneSignal:3.11.2] AndroidManifest.xml:82:13-40
183        <service
183-->[com.onesignal:OneSignal:3.11.2] AndroidManifest.xml:83:9-85:72
184            android:name="com.onesignal.SyncJobService"
184-->[com.onesignal:OneSignal:3.11.2] AndroidManifest.xml:84:13-56
185            android:permission="android.permission.BIND_JOB_SERVICE" />
185-->[com.onesignal:OneSignal:3.11.2] AndroidManifest.xml:85:13-69
186
187        <activity
187-->[com.onesignal:OneSignal:3.11.2] AndroidManifest.xml:87:9-89:75
188            android:name="com.onesignal.PermissionsActivity"
188-->[com.onesignal:OneSignal:3.11.2] AndroidManifest.xml:88:13-61
189            android:theme="@android:style/Theme.Translucent.NoTitleBar" />
189-->[com.onesignal:OneSignal:3.11.2] AndroidManifest.xml:89:13-72
190
191        <service android:name="com.onesignal.NotificationRestoreService" />
191-->[com.onesignal:OneSignal:3.11.2] AndroidManifest.xml:91:9-76
191-->[com.onesignal:OneSignal:3.11.2] AndroidManifest.xml:91:18-73
192
193        <receiver android:name="com.onesignal.BootUpReceiver" >
193-->[com.onesignal:OneSignal:3.11.2] AndroidManifest.xml:93:9-98:20
193-->[com.onesignal:OneSignal:3.11.2] AndroidManifest.xml:93:19-62
194            <intent-filter>
194-->[com.onesignal:OneSignal:3.11.2] AndroidManifest.xml:94:13-97:29
195                <action android:name="android.intent.action.BOOT_COMPLETED" />
195-->[com.onesignal:OneSignal:3.11.2] AndroidManifest.xml:95:17-79
195-->[com.onesignal:OneSignal:3.11.2] AndroidManifest.xml:95:25-76
196                <action android:name="android.intent.action.QUICKBOOT_POWERON" />
196-->[com.onesignal:OneSignal:3.11.2] AndroidManifest.xml:96:17-82
196-->[com.onesignal:OneSignal:3.11.2] AndroidManifest.xml:96:25-79
197            </intent-filter>
198        </receiver>
199        <receiver android:name="com.onesignal.UpgradeReceiver" >
199-->[com.onesignal:OneSignal:3.11.2] AndroidManifest.xml:99:9-103:20
199-->[com.onesignal:OneSignal:3.11.2] AndroidManifest.xml:99:19-63
200            <intent-filter>
200-->[com.onesignal:OneSignal:3.11.2] AndroidManifest.xml:100:13-102:29
201                <action android:name="android.intent.action.MY_PACKAGE_REPLACED" />
201-->[com.onesignal:OneSignal:3.11.2] AndroidManifest.xml:101:17-84
201-->[com.onesignal:OneSignal:3.11.2] AndroidManifest.xml:101:25-81
202            </intent-filter>
203        </receiver>
204        <!--
205             FirebaseMessagingService performs security checks at runtime,
206             but set to not exported to explicitly avoid allowing another app to call it.
207        -->
208        <service
208-->[com.google.firebase:firebase-messaging:18.0.0] AndroidManifest.xml:28:9-34:19
209            android:name="com.google.firebase.messaging.FirebaseMessagingService"
209-->[com.google.firebase:firebase-messaging:18.0.0] AndroidManifest.xml:29:13-82
210            android:exported="false" >
210-->[com.google.firebase:firebase-messaging:18.0.0] AndroidManifest.xml:30:13-37
211            <intent-filter android:priority="-500" >
211-->[com.google.firebase:firebase-messaging:18.0.0] AndroidManifest.xml:31:13-33:29
211-->[com.google.firebase:firebase-messaging:18.0.0] AndroidManifest.xml:31:28-51
212                <action android:name="com.google.firebase.MESSAGING_EVENT" />
212-->[com.google.firebase:firebase-messaging:18.0.0] AndroidManifest.xml:32:17-78
212-->[com.google.firebase:firebase-messaging:18.0.0] AndroidManifest.xml:32:25-75
213            </intent-filter>
214        </service>
215
216        <receiver
216-->[com.google.firebase:firebase-iid:19.0.0] AndroidManifest.xml:37:9-44:20
217            android:name="com.google.firebase.iid.FirebaseInstanceIdReceiver"
217-->[com.google.firebase:firebase-iid:19.0.0] AndroidManifest.xml:38:13-78
218            android:exported="true"
218-->[com.google.firebase:firebase-iid:19.0.0] AndroidManifest.xml:39:13-36
219            android:permission="com.google.android.c2dm.permission.SEND" >
219-->[com.google.firebase:firebase-iid:19.0.0] AndroidManifest.xml:40:13-73
220            <intent-filter>
220-->[com.google.firebase:firebase-iid:19.0.0] AndroidManifest.xml:41:13-43:29
221                <action android:name="com.google.android.c2dm.intent.RECEIVE" />
221-->[com.onesignal:OneSignal:3.11.2] AndroidManifest.xml:63:17-81
221-->[com.onesignal:OneSignal:3.11.2] AndroidManifest.xml:63:25-78
222            </intent-filter>
223        </receiver>
224
225        <activity
225-->[com.google.android.gms:play-services-base:17.1.0] AndroidManifest.xml:23:9-26:75
226            android:name="com.google.android.gms.common.api.GoogleApiActivity"
226-->[com.google.android.gms:play-services-base:17.1.0] AndroidManifest.xml:24:13-79
227            android:exported="false"
227-->[com.google.android.gms:play-services-base:17.1.0] AndroidManifest.xml:25:13-37
228            android:theme="@android:style/Theme.Translucent.NoTitleBar" />
228-->[com.google.android.gms:play-services-base:17.1.0] AndroidManifest.xml:26:13-72
229
230        <provider
230-->[com.google.firebase:firebase-common:19.3.1] AndroidManifest.xml:26:9-31:39
231            android:name="com.google.firebase.provider.FirebaseInitProvider"
231-->[com.google.firebase:firebase-common:19.3.1] AndroidManifest.xml:27:13-77
232            android:authorities="com.ykskoc.firebaseinitprovider"
232-->[com.google.firebase:firebase-common:19.3.1] AndroidManifest.xml:28:13-72
233            android:directBootAware="true"
233-->[com.google.firebase:firebase-common:19.3.1] AndroidManifest.xml:29:13-43
234            android:exported="false"
234-->[com.google.firebase:firebase-common:19.3.1] AndroidManifest.xml:30:13-37
235            android:initOrder="100" />
235-->[com.google.firebase:firebase-common:19.3.1] AndroidManifest.xml:31:13-36
236
237        <receiver
237-->[com.google.android.gms:play-services-measurement:17.5.0] AndroidManifest.xml:29:9-33:20
238            android:name="com.google.android.gms.measurement.AppMeasurementReceiver"
238-->[com.google.android.gms:play-services-measurement:17.5.0] AndroidManifest.xml:30:13-85
239            android:enabled="true"
239-->[com.google.android.gms:play-services-measurement:17.5.0] AndroidManifest.xml:31:13-35
240            android:exported="false" >
240-->[com.google.android.gms:play-services-measurement:17.5.0] AndroidManifest.xml:32:13-37
241        </receiver>
242
243        <service
243-->[com.google.android.gms:play-services-measurement:17.5.0] AndroidManifest.xml:35:9-38:40
244            android:name="com.google.android.gms.measurement.AppMeasurementService"